d:\cocos\finalprojectgit\seterminal\win32-build\seterminal.dir\debug\main.obj
d:\cocos\finalprojectgit\seterminal\win32-build\seterminal.dir\debug\weapon.obj
d:\cocos\finalprojectgit\seterminal\win32-build\seterminal.dir\debug\precheader.obj
d:\cocos\finalprojectgit\seterminal\win32-build\seterminal.dir\debug\monster.obj
d:\cocos\finalprojectgit\seterminal\win32-build\seterminal.dir\debug\player.obj
d:\cocos\finalprojectgit\seterminal\win32-build\seterminal.dir\debug\character.obj
d:\cocos\finalprojectgit\seterminal\win32-build\seterminal.dir\debug\appdelegate.obj
d:\cocos\finalprojectgit\seterminal\win32-build\seterminal.dir\debug\gameoverscene.obj
d:\cocos\finalprojectgit\seterminal\win32-build\seterminal.dir\debug\helloworldscene.obj
d:\cocos\finalprojectgit\seterminal\win32-build\seterminal.dir\debug\healthbar.obj
d:\cocos\finalprojectgit\seterminal\win32-build\seterminal.dir\debug\medkit.obj
d:\cocos\finalprojectgit\seterminal\win32-build\seterminal.dir\debug\bullet.obj
d:\cocos\finalprojectgit\seterminal\win32-build\seterminal.dir\debug\item.obj
d:\cocos\finalprojectgit\seterminal\win32-build\seterminal.dir\debug\vc142.pdb
d:\cocos\finalprojectgit\seterminal\win32-build\cmakefiles\generate.stamp
d:\cocos\finalprojectgit\seterminal\win32-build\seterminal.dir\debug\game.res
d:\cocos\finalprojectgit\seterminal\win32-build\debug\seterminal.lib
d:\cocos\finalprojectgit\seterminal\win32-build\debug\seterminal.exp
d:\cocos\finalprojectgit\seterminal\win32-build\bin\seterminal\debug\seterminal.pdb
d:\cocos\finalprojectgit\seterminal\win32-build\seterminal.dir\debug\seterminal.tlog\cl.command.1.tlog
d:\cocos\finalprojectgit\seterminal\win32-build\seterminal.dir\debug\seterminal.tlog\cl.read.1.tlog
d:\cocos\finalprojectgit\seterminal\win32-build\seterminal.dir\debug\seterminal.tlog\cl.write.1.tlog
d:\cocos\finalprojectgit\seterminal\win32-build\seterminal.dir\debug\seterminal.tlog\custombuild.command.1.tlog
d:\cocos\finalprojectgit\seterminal\win32-build\seterminal.dir\debug\seterminal.tlog\custombuild.read.1.tlog
d:\cocos\finalprojectgit\seterminal\win32-build\seterminal.dir\debug\seterminal.tlog\custombuild.write.1.tlog
d:\cocos\finalprojectgit\seterminal\win32-build\seterminal.dir\debug\seterminal.tlog\link-cvtres.read.1.tlog
d:\cocos\finalprojectgit\seterminal\win32-build\seterminal.dir\debug\seterminal.tlog\link-cvtres.write.1.tlog
d:\cocos\finalprojectgit\seterminal\win32-build\seterminal.dir\debug\seterminal.tlog\link-rc.read.1.tlog
d:\cocos\finalprojectgit\seterminal\win32-build\seterminal.dir\debug\seterminal.tlog\link-rc.write.1.tlog
d:\cocos\finalprojectgit\seterminal\win32-build\seterminal.dir\debug\seterminal.tlog\link.3348-cvtres.read.1.tlog
d:\cocos\finalprojectgit\seterminal\win32-build\seterminal.dir\debug\seterminal.tlog\link.3348-cvtres.write.1.tlog
d:\cocos\finalprojectgit\seterminal\win32-build\seterminal.dir\debug\seterminal.tlog\link.3348-rc.read.1.tlog
d:\cocos\finalprojectgit\seterminal\win32-build\seterminal.dir\debug\seterminal.tlog\link.3348-rc.write.1.tlog
d:\cocos\finalprojectgit\seterminal\win32-build\seterminal.dir\debug\seterminal.tlog\link.3348.read.1.tlog
d:\cocos\finalprojectgit\seterminal\win32-build\seterminal.dir\debug\seterminal.tlog\link.3348.read.2.tlog
d:\cocos\finalprojectgit\seterminal\win32-build\seterminal.dir\debug\seterminal.tlog\link.3348.write.1.tlog
d:\cocos\finalprojectgit\seterminal\win32-build\seterminal.dir\debug\seterminal.tlog\link.command.1.tlog
d:\cocos\finalprojectgit\seterminal\win32-build\seterminal.dir\debug\seterminal.tlog\link.read.1.tlog
d:\cocos\finalprojectgit\seterminal\win32-build\seterminal.dir\debug\seterminal.tlog\link.read.2.tlog
d:\cocos\finalprojectgit\seterminal\win32-build\seterminal.dir\debug\seterminal.tlog\link.write.1.tlog
d:\cocos\finalprojectgit\seterminal\win32-build\seterminal.dir\debug\seterminal.tlog\rc.command.1.tlog
d:\cocos\finalprojectgit\seterminal\win32-build\seterminal.dir\debug\seterminal.tlog\rc.read.1.tlog
d:\cocos\finalprojectgit\seterminal\win32-build\seterminal.dir\debug\seterminal.tlog\rc.write.1.tlog
d:\cocos\finalprojectgit\seterminal\win32-build\seterminal.dir\debug\seterminal.tlog\seterminal.write.1u.tlog
