  AppDelegate.cpp
  Character.cpp
  Monster.cpp
  Player.cpp
  CameraEffect.cpp
  SETimer.cpp
  SurvivorCounter.cpp
  HealthBar.cpp
  SettingLayer.cpp
  WeaponUI.cpp
  Clip.cpp
  Medkit.cpp
  Weapon.cpp
  Obstacle.cpp
  FightScene.cpp
  StartMenuScene.cpp
D:\cocos\FinalProjectGit\SETerminal\Classes\Component\HealthBar\HealthBar.cpp(68,21): warning C4018: “<”: 有符号/无符号不匹配
D:\cocos\FinalProjectGit\SETerminal\Classes\Component\HealthBar\HealthBar.cpp(136,26): warning C4305: “*=”: 从“double”到“float”截断
D:\cocos\FinalProjectGit\SETerminal\Classes\Component\HealthBar\HealthBar.cpp(147,26): warning C4305: “*=”: 从“double”到“float”截断
D:\cocos\FinalProjectGit\SETerminal\Classes\Item\PlayerWeapon\Weapon.cpp(293,27): warning C4244: “参数”: 从“float”转换到“int”，可能丢失数据
D:\cocos\FinalProjectGit\SETerminal\Classes\Character\Monster.cpp(107,47): warning C4305: “参数”: 从“double”到“float”截断
D:\cocos\FinalProjectGit\SETerminal\Classes\Character\Monster.cpp(233,31): warning C4305: “参数”: 从“double”到“float”截断
D:\cocos\FinalProjectGit\SETerminal\Classes\Scene\FightScene\FightScene.cpp(357,30): warning C4305: “参数”: 从“double”到“float”截断
D:\cocos\FinalProjectGit\SETerminal\Classes\Scene\FightScene\FightScene.cpp(358,34): warning C4305: “参数”: 从“double”到“float”截断
D:\cocos\FinalProjectGit\SETerminal\Classes\Scene\FightScene\FightScene.cpp(385,30): warning C4305: “参数”: 从“double”到“float”截断
D:\cocos\FinalProjectGit\SETerminal\Classes\Scene\FightScene\FightScene.cpp(386,34): warning C4305: “参数”: 从“double”到“float”截断
  SETerminal.vcxproj -> D:\cocos\FinalProjectGit\SETerminal\win32-build\bin\SETerminal\Debug\SETerminal.exe
