  Checking Build System
  CMake is re-running because D:/cocos/FinalProjectGit/SETerminal/win32-build/CMakeFiles/generate.stamp is out-of-date.
    the file 'D:/cocos/FinalProjectGit/SETerminal/CMakeLists.txt'
    is newer than 'D:/cocos/FinalProjectGit/SETerminal/win32-build/CMakeFiles/generate.stamp.depend'
    result='-1'
  -- Selecting Windows SDK version 10.0.19041.0 to target Windows 10.0.19042.
  -- PROJECT_NAME:SETerminal
  -- PROJECT_SOURCE_DIR:D:/cocos/FinalProjectGit/SETerminal
  -- COCOS2DX_ROOT_PATH:D:/cocos/FinalProjectGit/SETerminal/cocos2d
  -- CMAKE_MODULE_PATH:D:/cocos/FinalProjectGit/SETerminal/cocos2d/cmake/Modules/
  -- PROJECT_BINARY_DIR:D:/cocos/FinalProjectGit/SETerminal/win32-build
  -- ENGINE_BINARY_PATH:D:/cocos/FinalProjectGit/SETerminal/win32-build/engine
  -- PYTHON_PATH:C:/Python27amd64/python.exe
  -- COCOS_COMMAND_PATH:D:/cocos2dx4.0/cocos2d-x-4.0/tools/cocos2d-console/bin/cocos
  -- HOST_SYSTEM:Windows
  -- CMAKE_GENERATOR: Visual Studio 16 2019
  -- using Windows MSVC generate cocos2d-x project, MSVC_VERSION:1928
  -- COCOS2DX_LUAJIT_ROOT:D:/cocos2dx4.0/cocos2d-x-4.0/tools/cocos2d-console/bin/../plugins/plugin_luacompile/bin
  -- LUAJIT32_COMMAND:D:/cocos2dx4.0/cocos2d-x-4.0/tools/cocos2d-console/plugins/plugin_luacompile/bin/32bit/luajit-win32.exe
  -- LUAJIT64_COMMAND:D:/cocos2dx4.0/cocos2d-x-4.0/tools/cocos2d-console/plugins/plugin_luacompile/bin/64bit/luajit-win32.exe
  -- cocos_mark_code_files: cocos2d
  -- cocos_mark_code_files: SETerminal
  -- Configuring done
  -- Generating done
  -- Build files have been written to: D:/cocos/FinalProjectGit/SETerminal/win32-build
